<?xml version="1.0" encoding="UTF-8"?>
<testsuite xmlns:xsi="http://www.w3.org/2001/XMLSchema-instance" xsi:noNamespaceSchemaLocation="https://maven.apache.org/surefire/maven-surefire-plugin/xsd/surefire-test-report-3.0.xsd" version="3.0" name="CalculadoraTest" time="0.045" tests="4" errors="0" skipped="0" failures="0">
  <properties>
[...]
</properties>
  <testcase name="testAdd" classname="CalculadoraTest" time="0.019">
    <system-out><![CDATA[Inicio test
Prueba del BeforeEach
Prueba del AfterEach
]]></system-out>
  </testcase>
  <testcase name="testSubtract" classname="CalculadoraTest" time="0.001">
    <system-out><![CDATA[Prueba del BeforeEach
Prueba del AfterEach
]]></system-out>
  </testcase>
  <testcase name="testDivide" classname="CalculadoraTest" time="0.0">
    <system-out><![CDATA[Prueba del BeforeEach
Prueba del AfterEach
]]></system-out>
  </testcase>
  <testcase name="testMultiply" classname="CalculadoraTest" time="0.001">
    <system-out><![CDATA[Prueba del BeforeEach
Prueba del AfterEach
]]></system-out>
  </testcase>
</testsuite>